\BOOKMARK [0][-]{Doc-Start}{\376\377\000A\000B\000S\000T\000R\000A\000C\000T}{}% 1
\BOOKMARK [0][-]{Doc-Start}{\376\377\000T\000H\000A\000I\000\040\000A\000B\000S\000T\000R\000A\000C\000T}{}% 2
\BOOKMARK [0][-]{Doc-Start}{\376\377\000A\000C\000K\000N\000O\000W\000L\000E\000D\000G\000M\000E\000N\000T\000S}{}% 3
\BOOKMARK [0][-]{Doc-Start}{\376\377\000C\000O\000N\000T\000E\000N\000T\000S}{}% 4
\BOOKMARK [0][-]{Doc-Start}{\376\377\000L\000I\000S\000T\000\040\000O\000F\000\040\000T\000A\000B\000L\000E\000S}{}% 5
\BOOKMARK [0][-]{Doc-Start}{\376\377\000L\000I\000S\000T\000\040\000O\000F\000\040\000F\000I\000G\000U\000R\000E\000S}{}% 6
\BOOKMARK [0][-]{Doc-Start}{\376\377\000L\000I\000S\000T\000\040\000O\000F\000\040\000S\000Y\000M\000B\000O\000L\000S}{}% 7
\BOOKMARK [0][-]{Doc-Start}{\376\377\000L\000I\000S\000T\000\040\000O\000F\000\040\000T\000E\000C\000H\000N\000I\000C\000A\000L\000\040\000V\000O\000C\000A\000B\000U\000L\000A\000R\000Y\000\040\000A\000N\000D\000\040\000A\000B\000B\000R\000E\000V\000A\000T\000I\000O\000N\000S}{}% 8
\BOOKMARK [0][-]{chapter.1}{\376\377\000C\000H\000A\000P\000T\000E\000R}{}% 9
\BOOKMARK [0][-]{chapter.1}{\376\377\000I\000n\000t\000r\000o\000d\000u\000c\000t\000i\000o\000n}{}% 10
\BOOKMARK [1][-]{section.1.1}{\376\377\000B\000a\000c\000k\000g\000r\000o\000u\000n\000d}{chapter.1}% 11
\BOOKMARK [1][-]{section.1.2}{\376\377\000M\000o\000t\000i\000v\000a\000t\000i\000o\000n\000s}{chapter.1}% 12
\BOOKMARK [1][-]{section.1.3}{\376\377\000P\000r\000o\000b\000l\000e\000m\000\040\000S\000t\000a\000t\000e\000m\000e\000n\000t\000s}{chapter.1}% 13
\BOOKMARK [1][-]{section.1.4}{\376\377\000O\000b\000j\000e\000c\000t\000i\000v\000e\000s}{chapter.1}% 14
\BOOKMARK [1][-]{section.1.5}{\376\377\000S\000c\000o\000p\000e\000\040\000o\000f\000\040\000W\000o\000r\000k}{chapter.1}% 15
\BOOKMARK [1][-]{section.1.6}{\376\377\000P\000r\000o\000j\000e\000c\000t\000\040\000S\000c\000h\000e\000d\000u\000l\000e}{chapter.1}% 16
\BOOKMARK [0][-]{chapter.2}{\376\377\000B\000a\000c\000k\000g\000r\000o\000u\000n\000d\000\040\000T\000h\000e\000o\000r\000y\000\040\000a\000n\000d\000\040\000R\000e\000l\000a\000t\000e\000d\000\040\000W\000o\000r\000k}{}% 17
\BOOKMARK [1][-]{section.2.1}{\376\377\000R\000e\000c\000o\000m\000m\000e\000n\000d\000e\000r\000\040\000S\000y\000s\000t\000e\000m\000s}{chapter.2}% 18
\BOOKMARK [1][-]{section.2.2}{\376\377\000T\000e\000x\000t\000\040\000P\000r\000o\000c\000e\000s\000s\000i\000n\000g\000\040\000A\000l\000g\000o\000r\000i\000t\000h\000m\000s}{chapter.2}% 19
\BOOKMARK [2][-]{subsection.2.2.1}{\376\377\000A\000l\000g\000o\000r\000i\000t\000h\000m\000\040\000I}{section.2.2}% 20
\BOOKMARK [2][-]{subsection.2.2.2}{\376\377\000A\000l\000g\000o\000r\000i\000t\000h\000m\000\040\000I\000I}{section.2.2}% 21
\BOOKMARK [1][-]{section.2.3}{\376\377\000D\000e\000v\000e\000l\000o\000p\000m\000e\000n\000t\000\040\000T\000o\000o\000l\000s}{chapter.2}% 22
\BOOKMARK [0][-]{chapter.3}{\376\377\000P\000r\000o\000p\000o\000s\000e\000d\000\040\000W\000o\000r\000k}{}% 23
\BOOKMARK [1][-]{section.3.1}{\376\377\000S\000y\000s\000t\000e\000m\000\040\000A\000r\000c\000h\000i\000t\000e\000c\000t\000u\000r\000e}{chapter.3}% 24
\BOOKMARK [1][-]{section.3.2}{\376\377\000S\000y\000s\000t\000e\000m\000\040\000S\000p\000e\000c\000i\000f\000i\000c\000a\000t\000i\000o\000n\000s\000\040\000a\000n\000d\000\040\000R\000e\000q\000u\000i\000r\000e\000m\000e\000n\000t\000s}{chapter.3}% 25
\BOOKMARK [1][-]{section.3.3}{\376\377\000H\000a\000r\000d\000w\000a\000r\000e\000\040\000M\000o\000d\000u\000l\000e\000\040\0001}{chapter.3}% 26
\BOOKMARK [2][-]{subsection.3.3.1}{\376\377\000C\000o\000m\000p\000o\000n\000e\000n\000t\000\040\0001}{section.3.3}% 27
\BOOKMARK [2][-]{subsection.3.3.2}{\376\377\000L\000o\000g\000i\000c\000a\000l\000\040\000C\000i\000r\000c\000u\000i\000t\000\040\000D\000i\000a\000g\000r\000a\000m}{section.3.3}% 28
\BOOKMARK [1][-]{section.3.4}{\376\377\000H\000a\000r\000d\000w\000a\000r\000e\000\040\000M\000o\000d\000u\000l\000e\000\040\0002}{chapter.3}% 29
\BOOKMARK [2][-]{subsection.3.4.1}{\376\377\000C\000o\000m\000p\000o\000n\000e\000n\000t\000\040\0001}{section.3.4}% 30
\BOOKMARK [2][-]{subsection.3.4.2}{\376\377\000C\000o\000m\000p\000o\000n\000e\000n\000t\000\040\0002}{section.3.4}% 31
\BOOKMARK [1][-]{section.3.5}{\376\377\000P\000a\000t\000h\000\040\000F\000i\000n\000d\000i\000n\000g\000\040\000A\000l\000g\000o\000r\000i\000t\000h\000m}{chapter.3}% 32
\BOOKMARK [1][-]{section.3.6}{\376\377\000D\000a\000t\000a\000b\000a\000s\000e\000\040\000D\000e\000s\000i\000g\000n}{chapter.3}% 33
\BOOKMARK [1][-]{section.3.7}{\376\377\000G\000U\000I\000\040\000D\000e\000s\000i\000g\000n}{chapter.3}% 34
\BOOKMARK [0][-]{chapter.4}{\376\377\000I\000m\000p\000l\000e\000m\000e\000n\000t\000a\000t\000i\000o\000n\000\040\000R\000e\000s\000u\000l\000t\000s}{}% 35
\BOOKMARK [0][-]{chapter.5}{\376\377\000C\000o\000n\000c\000l\000u\000s\000i\000o\000n\000s}{}% 36
\BOOKMARK [1][-]{section.5.1}{\376\377\000P\000r\000o\000b\000l\000e\000m\000s\000\040\000a\000n\000d\000\040\000S\000o\000l\000u\000t\000i\000o\000n\000s}{chapter.5}% 37
\BOOKMARK [1][-]{section.5.2}{\376\377\000F\000u\000t\000u\000r\000e\000\040\000W\000o\000r\000k\000s}{chapter.5}% 38
\BOOKMARK [0][-]{section.5.2}{\376\377\000A\000p\000p\000e\000n\000d\000i\000x}{}% 39
\BOOKMARK [0][-]{section.5.2}{\376\377\000A\000\040\000F\000i\000r\000s\000t\000\040\000a\000p\000p\000e\000n\000d\000i\000x\000\040\000t\000i\000t\000l\000e}{}% 40
\BOOKMARK [0][-]{equation.1.2.5}{\376\377\000B\000\040\000S\000e\000c\000o\000n\000d\000\040\000a\000p\000p\000e\000n\000d\000i\000x\000\040\000t\000i\000t\000l\000e}{}% 41
